NULL
* installing *source* package ‘zzedc’ ...
** this is package ‘zzedc’ version ‘1.0.0’
** using staged installation
** R
** data
** inst
** byte-compile and prepare package for lazy loading
NULL
Note: possible error in 'log_audit_event(audit_log, ': unused arguments (action = "AUDIT_EXPORT", resource = filepath, status = "success") 
Note: possible error in 'log_audit_event(db_conn = db_conn, ': unused arguments (db_conn = db_conn, action = "INSTRUMENT_IMPORT", resource = paste0("form:", form_id), status = "SUCCESS") 
Note: possible error in 'log_audit_event(audit_log, ': unused arguments (action = "DATA_EXPORT", resource = data_source, new_value = paste("Format:", format, "Rows:", rows), status = "success") 
Note: possible error in 'log_audit_event(audit_log, ': unused arguments (action = "FORM_SUBMISSION", resource = table_name, status = "success") 
** help
*** installing help indices
** building package indices
NULL
** installing vignettes
** testing if installed package can be loaded from temporary location
NULL
** testing if installed package can be loaded from final location
NULL
** testing if installed package keeps a record of temporary installation path
* DONE (zzedc)
